BLASTP 2.2.25+


Reference: Stephen F. Altschul, Thomas L. Madden, Alejandro A.
Schaffer, Jinghui Zhang, Zheng Zhang, Webb Miller, and David J.
Lipman (1997), "Gapped BLAST and PSI-BLAST: a new generation of
protein database search programs", Nucleic Acids Res. 25:3389-3402.



Reference for composition-based statistics: Alejandro A. Schaffer,
L. Aravind, Thomas L. Madden, Sergei Shavirin, John L. Spouge, Yuri
I. Wolf, Eugene V. Koonin, and Stephen F. Altschul (2001),
"Improving the accuracy of PSI-BLAST protein database searches with
composition-based statistics and other refinements", Nucleic Acids
Res. 29:2994-3005.



Database: DRAMP.fa
           28,274 sequences; 696,356 total letters



Query= 1

Length=129
                                                                      Score     E
Sequences producing significant alignments:                          (Bits)  Value

  DRAMP04487                                                          21.6    5.9  


> DRAMP04487
Length=67

 Score = 21.6 bits (44),  Expect = 5.9, Method: Compositional matrix adjust.
 Identities = 9/23 (40%), Positives = 13/23 (57%), Gaps = 0/23 (0%)

Query  92   PDNAGNKEHCLEFHGSGSVHSYK  114
            P  AGN+E C + + S + H  K
Sbjct  41   PGTAGNQEMCPKCYASLTTHGGK  63



Lambda     K      H
   0.319    0.136    0.478 

Gapped
Lambda     K      H
   0.267   0.0410    0.140 

Effective search space used: 17506500


  Database: DRAMP.fa
    Posted date:  Jun 2, 2022  5:36 PM
  Number of letters in database: 696,356
  Number of sequences in database:  28,274



Matrix: BLOSUM62
Gap Penalties: Existence: 11, Extension: 1
Neighboring words threshold: 11
Window for multiple hits: 40
