BLASTP 2.2.25+


Reference: Stephen F. Altschul, Thomas L. Madden, Alejandro A.
Schaffer, Jinghui Zhang, Zheng Zhang, Webb Miller, and David J.
Lipman (1997), "Gapped BLAST and PSI-BLAST: a new generation of
protein database search programs", Nucleic Acids Res. 25:3389-3402.



Reference for composition-based statistics: Alejandro A. Schaffer,
L. Aravind, Thomas L. Madden, Sergei Shavirin, John L. Spouge, Yuri
I. Wolf, Eugene V. Koonin, and Stephen F. Altschul (2001),
"Improving the accuracy of PSI-BLAST protein database searches with
composition-based statistics and other refinements", Nucleic Acids
Res. 29:2994-3005.



Database: DRAMP.fa
           28,274 sequences; 696,356 total letters



Query= 
Length=65
                                                                      Score     E
Sequences producing significant alignments:                          (Bits)  Value

  DRAMP18332                                                          36.6    2e-04
  DRAMP00018                                                          36.2    2e-04
  DRAMP00012                                                          31.2    0.006
  DRAMP00022                                                          29.3    0.027
  DRAMP18365                                                          28.1    0.055
  DRAMP18362                                                          28.1    0.064
  DRAMP18199                                                          28.1    0.064
  DRAMP00020                                                          26.9    0.14 
  DRAMP00008                                                          26.6    0.16 
  DRAMP00010                                                          23.5    1.5  
  DRAMP18359                                                          23.1    1.8  
  DRAMP18263                                                          21.6    5.9  


> DRAMP18332
Length=31

 Score = 36.6 bits (83),  Expect = 2e-04, Method: Compositional matrix adjust.
 Identities = 17/22 (78%), Positives = 18/22 (82%), Gaps = 0/22 (0%)

Query  44  SYVLGNKGYGCTVTNECMSNCR  65
           S VLGNKGY CTVT ECM NC+
Sbjct  10  SIVLGNKGYICTVTVECMRNCQ  31


> DRAMP00018
Length=32

 Score = 36.2 bits (82),  Expect = 2e-04, Method: Compositional matrix adjust.
 Identities = 17/21 (81%), Positives = 17/21 (81%), Gaps = 0/21 (0%)

Query  44  SYVLGNKGYGCTVTNECMSNC  64
           S VLGNKGY CTVT ECM NC
Sbjct  10  SIVLGNKGYICTVTVECMRNC  30


> DRAMP00012
Length=32

 Score = 31.2 bits (69),  Expect = 0.006, Method: Compositional matrix adjust.
 Identities = 14/21 (67%), Positives = 15/21 (72%), Gaps = 0/21 (0%)

Query  44  SYVLGNKGYGCTVTNECMSNC  64
           S  LGN GY CTVT ECM +C
Sbjct  11  SKPLGNNGYLCTVTKECMPSC  31


> DRAMP00022
Length=30

 Score = 29.3 bits (64),  Expect = 0.027, Method: Compositional matrix adjust.
 Identities = 13/22 (60%), Positives = 15/22 (69%), Gaps = 0/22 (0%)

Query  44  SYVLGNKGYGCTVTNECMSNCR  65
           S   GNKG  CT T+ECMS C+
Sbjct  9   SDYWGNKGNWCTATHECMSWCK  30


> DRAMP18365
Length=38

 Score = 28.1 bits (61),  Expect = 0.055, Method: Compositional matrix adjust.
 Identities = 13/22 (60%), Positives = 15/22 (69%), Gaps = 0/22 (0%)

Query  44  SYVLGNKGYGCTVTNECMSNCR  65
           S   GNKG  CT T EC++NCR
Sbjct  16  SETFGNKGKVCTYTVECVNNCR  37


> DRAMP18362
Length=28

 Score = 28.1 bits (61),  Expect = 0.064, Method: Compositional matrix adjust.
 Identities = 11/19 (58%), Positives = 14/19 (74%), Gaps = 0/19 (0%)

Query  47  LGNKGYGCTVTNECMSNCR  65
           LGNKG  CT+T EC  +C+
Sbjct  10  LGNKGQWCTLTKECQRSCK  28


> DRAMP18199
Length=28

 Score = 28.1 bits (61),  Expect = 0.064, Method: Compositional matrix adjust.
 Identities = 11/19 (58%), Positives = 14/19 (74%), Gaps = 0/19 (0%)

Query  47  LGNKGYGCTVTNECMSNCR  65
           LGNKG  CT+T EC  +C+
Sbjct  10  LGNKGQWCTLTKECQRSCK  28


> DRAMP00020
Length=28

 Score = 26.9 bits (58),  Expect = 0.14, Method: Compositional matrix adjust.
 Identities = 12/18 (67%), Positives = 14/18 (78%), Gaps = 0/18 (0%)

Query  47  LGNKGYGCTVTNECMSNC  64
           LGNKG  CT+T ECM +C
Sbjct  10  LGNKGAYCTLTVECMPSC  27


> DRAMP00008
Length=30

 Score = 26.6 bits (57),  Expect = 0.16, Method: Compositional matrix adjust.
 Identities = 10/19 (53%), Positives = 14/19 (74%), Gaps = 0/19 (0%)

Query  47  LGNKGYGCTVTNECMSNCR  65
            GN G  CT+T+ECM+ C+
Sbjct  12  WGNNGAWCTLTHECMAWCK  30


> DRAMP00010
Length=29

 Score = 23.5 bits (49),  Expect = 1.5, Method: Compositional matrix adjust.
 Identities = 9/18 (50%), Positives = 14/18 (78%), Gaps = 0/18 (0%)

Query  47  LGNKGYGCTVTNECMSNC  64
           LGN G+ CT+++EC  +C
Sbjct  11  LGNNGHVCTLSHECQVSC  28


> DRAMP18359
Length=30

 Score = 23.1 bits (48),  Expect = 1.8, Method: Compositional matrix adjust.
 Identities = 10/18 (56%), Positives = 13/18 (73%), Gaps = 0/18 (0%)

Query  47  LGNKGYGCTVTNECMSNC  64
           LGN G  CTV++EC + C
Sbjct  11  LGNNGKICTVSHECAAGC  28


> DRAMP18263
Length=30

 Score = 21.6 bits (44),  Expect = 5.9, Method: Compositional matrix adjust.
 Identities = 9/18 (50%), Positives = 12/18 (67%), Gaps = 0/18 (0%)

Query  47  LGNKGYGCTVTNECMSNC  64
           LGN G  CT ++EC + C
Sbjct  11  LGNDGKICTYSHECTAGC  28



Lambda     K      H
   0.315    0.131    0.388 

Gapped
Lambda     K      H
   0.267   0.0410    0.140 

Effective search space used: 17097288


  Database: DRAMP.fa
    Posted date:  Jun 2, 2022  5:36 PM
  Number of letters in database: 696,356
  Number of sequences in database:  28,274



Matrix: BLOSUM62
Gap Penalties: Existence: 11, Extension: 1
Neighboring words threshold: 11
Window for multiple hits: 40
