BLASTP 2.2.25+


Reference: Stephen F. Altschul, Thomas L. Madden, Alejandro A.
Schaffer, Jinghui Zhang, Zheng Zhang, Webb Miller, and David J.
Lipman (1997), "Gapped BLAST and PSI-BLAST: a new generation of
protein database search programs", Nucleic Acids Res. 25:3389-3402.



Reference for composition-based statistics: Alejandro A. Schaffer,
L. Aravind, Thomas L. Madden, Sergei Shavirin, John L. Spouge, Yuri
I. Wolf, Eugene V. Koonin, and Stephen F. Altschul (2001),
"Improving the accuracy of PSI-BLAST protein database searches with
composition-based statistics and other refinements", Nucleic Acids
Res. 29:2994-3005.



Database: DRAMP.fa
           28,274 sequences; 696,356 total letters



Query= 
Length=22
                                                                      Score     E
Sequences producing significant alignments:                          (Bits)  Value

  DRAMP19466                                                          30.4    0.012
  DRAMP14639                                                          30.4    0.012


> DRAMP19466
Length=18

 Score = 30.4 bits (67),  Expect = 0.012, Method: Compositional matrix adjust.
 Identities = 15/18 (84%), Positives = 17/18 (95%), Gaps = 0/18 (0%)

Query  5   GIALIGLKLIPLLANVIK  22
           GI LIGLKLIPLLANV++
Sbjct  1   GIVLIGLKLIPLLANVLR  18


> DRAMP14639
Length=18

 Score = 30.4 bits (67),  Expect = 0.012, Method: Compositional matrix adjust.
 Identities = 15/18 (84%), Positives = 17/18 (95%), Gaps = 0/18 (0%)

Query  5   GIALIGLKLIPLLANVIK  22
           GI LIGLKLIPLLANV++
Sbjct  1   GIVLIGLKLIPLLANVLR  18



Lambda     K      H
   0.327    0.153    0.423 

Gapped
Lambda     K      H
   0.267   0.0410    0.140 

Effective search space used: 15319832


  Database: DRAMP.fa
    Posted date:  Jun 2, 2022  5:36 PM
  Number of letters in database: 696,356
  Number of sequences in database:  28,274



Matrix: BLOSUM62
Gap Penalties: Existence: 11, Extension: 1
Neighboring words threshold: 11
Window for multiple hits: 40
