BLASTP 2.2.25+


Reference: Stephen F. Altschul, Thomas L. Madden, Alejandro A.
Schaffer, Jinghui Zhang, Zheng Zhang, Webb Miller, and David J.
Lipman (1997), "Gapped BLAST and PSI-BLAST: a new generation of
protein database search programs", Nucleic Acids Res. 25:3389-3402.



Reference for composition-based statistics: Alejandro A. Schaffer,
L. Aravind, Thomas L. Madden, Sergei Shavirin, John L. Spouge, Yuri
I. Wolf, Eugene V. Koonin, and Stephen F. Altschul (2001),
"Improving the accuracy of PSI-BLAST protein database searches with
composition-based statistics and other refinements", Nucleic Acids
Res. 29:2994-3005.



Database: DRAMP.fa
           28,274 sequences; 696,356 total letters



Query= c9695_g1

Length=230
                                                                      Score     E
Sequences producing significant alignments:                          (Bits)  Value

  DRAMP22198                                                          24.3    0.98 
  DRAMP17211                                                          23.9    1.3  
  DRAMP23919                                                          21.2    9.8  
  DRAMP12785                                                          21.2    9.9  


> DRAMP22198
Length=20

 Score = 24.3 bits (51),  Expect = 0.98, Method: Composition-based stats.
 Identities = 9/18 (50%), Positives = 12/18 (67%), Gaps = 0/18 (0%)

Query  192  PTWQPTIKPCEPAPTPRD  209
            PT QP+I     +PTP+D
Sbjct  2    PTEQPSIPTARASPTPQD  19


> DRAMP17211
Length=61

 Score = 23.9 bits (50),  Expect = 1.3, Method: Composition-based stats.
 Identities = 10/32 (32%), Positives = 15/32 (47%), Gaps = 6/32 (18%)

Query  171  IQLQPGNYYICILSTEPAVALPTWQPTIKPCE  202
            I + P + Y      +P +A+  W P I P E
Sbjct  12   ISISPSDTY------QPTLAVAAWAPPIDPAE  37


> DRAMP23919
Length=20

 Score = 21.2 bits (43),  Expect = 9.8, Method: Composition-based stats.
 Identities = 7/10 (70%), Positives = 9/10 (90%), Gaps = 0/10 (0%)

Query  205  PTPRDHLLPR  214
            PTP D++LPR
Sbjct  2    PTPSDYILPR  11


> DRAMP12785
Length=47

 Score = 21.2 bits (43),  Expect = 9.9, Method: Composition-based stats.
 Identities = 5/14 (36%), Positives = 12/14 (86%), Gaps = 0/14 (0%)

Query  96   VIFRCSQKNCKCKK  109
            ++ +C +K+C+C+K
Sbjct  24   LVTKCFKKHCRCRK  37



Lambda     K      H
   0.330    0.143    0.460 

Gapped
Lambda     K      H
   0.267   0.0410    0.140 

Effective search space used: 21443818


  Database: DRAMP.fa
    Posted date:  Jun 2, 2022  5:36 PM
  Number of letters in database: 696,356
  Number of sequences in database:  28,274



Matrix: BLOSUM62
Gap Penalties: Existence: 11, Extension: 1
Neighboring words threshold: 11
Window for multiple hits: 40
