# ../../cgi-bin/seq-search/bin/ssearch35 -Q -s BL62 -b 10 -d 10 -E 20.0 -T 8 ../../tmp/simi_search_tmp/0LmV2y83TJQjtEJzB4/0LmV2y83TJQjtEJzB4.in ./database/DRAMP.fa
SSEARCH searches a sequence data bank
 version 36.05 March, 2010
Please cite:
 T. F. Smith and M. S. Waterman, (1981) J. Mol. Biol. 147:195-197; 
 W.R. Pearson (1991) Genomics 11:635-650

Query: ../../tmp/simi_search_tmp/0LmV2y83TJQjtEJzB4/0LmV2y83TJQjtEJzB4.in
  1>>>1 - 13 aa
Library: ./database/DRAMP.fa
   696332 residues in 28274 sequences

       opt      E()
< 20     9     0:=
  22     7     0:=          one = represents 48 library sequences
  24    13     0:=
  26    21     1:*
  28    82     6:*=
  30    68    39:*=
  32   506   151:===*=======
  34   392   408:========*
  36  1055   839:=================*====
  38  1211  1386:==========================  *
  40  1712  1934:====================================    *
  42  2854  2364:=================================================*==========
  44  1748  2608:=====================================                 *
  46  2789  2656:=======================================================*===
  48  2147  2543:=============================================       *
  50  2098  2320:============================================    *
  52  2317  2040:==========================================*======
  54  1333  1742:============================        *
  56  1980  1455:==============================*===========
  58  1130  1195:========================*
  60  1026   968:====================*=
  62   859   776:================*=
  64   472   617:==========  *
  66   572   488:==========*=
  68   464   384:=======*==
  70   323   301:======*
  72   301   235:====*==
  74   133   183:===*
  76   138   143:==*
  78    96   111:==*
  80   168    86:=*==
  82    51    66:=*
  84    42    52:=*
  86    47    40:*
  88    38    31:*          inset = represents 1 library sequences
  90    18    24:*
  92    17    19:*         :================= *
  94    10    14:*         :==========   *
  96    11    11:*         :==========*
  98     6     9:*         :======  *
 100     3     7:*         :===   *
 102     1     5:*         :=   *
 104     4     4:*         :===*
 106     0     3:*         :  *
 108     0     2:*         : *
 110     0     2:*         : *
 112     0     1:*         :*
 114     1     1:*         :*
 116     1     1:*         :*
 118     0     1:*         :*
>120     0     1:*         :*
   696332 residues in 28274 sequences
Statistics: MLE_cen statistics: Lambda= 0.4212;  K=0.2332 (cen=999)
 statistics sampled from 28274 (28274) to 28274 sequences
 Kolmogorov-Smirnov  statistic: 0.0281 (N=29) at  42
Algorithm: Smith-Waterman (SSE2, Michael Farrar 2006) (7.1 Aug 2009)
Parameters: BL62 matrix (11:-4), open/ext: -7/-1
 Scan time:  0.070

The best scores are:                                      s-w bits E(28274)
DRAMP18654                                         (  16)   31 20.9     2.9
DRAMP23894                                         (  20)   31 20.9     3.7
DRAMP27083                                         (  20)   28 19.1      13
DRAMP20334                                         (   9)   26 17.9      14
DRAMP10814                                         (   9)   26 17.9      14
DRAMP25329                                         (  21)   28 19.1      14
DRAMP23308                                         (  20)   27 18.5      20

>>DRAMP18654                                              (16 aa)
 s-w opt:  31  Z-score: 117.0  bits: 20.9 E(28274):  2.9
Smith-Waterman score: 31; 53.8% identity (76.9% similar) in 13 aa overlap (1-13:1-13)

               10      
1      GVIKVNRYLILRF   
       :.::: . :: .:   
DRAMP1 GIIKVIKSLIEQFTGK
               10      

>>DRAMP23894                                              (20 aa)
 s-w opt:  31  Z-score: 115.3  bits: 20.9 E(28274):  3.7
Smith-Waterman score: 31; 60.0% identity (90.0% similar) in 10 aa overlap (2-11:1-10)

               10           
1      GVIKVNRYLILRF        
        ..:.:: :::          
DRAMP2  LVKMNRSLILTVINRTNRRW
                10        20

>>DRAMP27083                                              (20 aa)
 s-w opt:  28  Z-score: 105.4  bits: 19.1 E(28274):   13
Smith-Waterman score: 28; 60.0% identity (70.0% similar) in 10 aa overlap (4-13:1-10)

               10             
1      GVIKVNRYLILRF          
          :.::::   :          
DRAMP2    KTNRYLPTMFNFRCKDDAVV
                  10        20

>>DRAMP20334                                              (9 aa)
 s-w opt:  26  Z-score: 105.1  bits: 17.9 E(28274):   14
Smith-Waterman score: 26; 71.4% identity (85.7% similar) in 7 aa overlap (7-13:3-9)

               10   
1      GVIKVNRYLILRF
             ::: .::
DRAMP2     YWRYLWIRF
                    

>>DRAMP10814                                              (9 aa)
 s-w opt:  26  Z-score: 105.1  bits: 17.9 E(28274):   14
Smith-Waterman score: 26; 71.4% identity (85.7% similar) in 7 aa overlap (7-13:3-9)

               10   
1      GVIKVNRYLILRF
             ::: .::
DRAMP1     YWRYLWIRF
                    

>>DRAMP25329                                              (21 aa)
 s-w opt:  28  Z-score: 105.1  bits: 19.1 E(28274):   14
Smith-Waterman score: 28; 50.0% identity (87.5% similar) in 8 aa overlap (6-13:7-14)

                10          
1       GVIKVNRYLILRF       
             :::.:. .       
DRAMP2 WPILCPNRYIIISYANAGLTY
               10        20 

>>DRAMP23308                                              (20 aa)
 s-w opt:  27  Z-score: 102.2  bits: 18.5 E(28274):   20
Smith-Waterman score: 27; 66.7% identity (100.0% similar) in 6 aa overlap (5-10:1-6)

               10              
1      GVIKVNRYLILRF           
           .:::.:              
DRAMP2     INRYIIFAICYPRRKWARAD
                   10        20

  2>>>2 - 18 aa
Library: ./database/DRAMP.fa
   696332 residues in 28274 sequences

       opt      E()
< 20     9     0:=
  22     9     0:=          one = represents 44 library sequences
  24    18     0:=
  26    12     1:*
  28    30     6:*
  30   119    39:*==
  32   257   151:===*==
  34   566   408:=========*===
  36  1334   839:===================*===========
  38  1348  1386:===============================*
  40  1919  1934:===========================================*
  42  1837  2364:==========================================           *
  44  2586  2607:===========================================================*
  46  2083  2656:================================================           *
  48  2189  2543:==================================================       *
  50  2335  2320:====================================================*=
  52  1888  2040:===========================================   *
  54  1535  1742:===================================    *
  56  1646  1455:=================================*====
  58  1798  1195:===========================*=============
  60  1031   968:=====================*==
  62   978   776:=================*=====
  64   760   617:==============*===
  66   555   488:===========*=
  68   328   384:========*
  70   374   301:======*==
  72   213   235:=====*
  74   146   183:====*
  76    91   143:===*
  78    78   111:==*
  80    58    86:=*
  82    40    66:=*
  84    33    52:=*
  86    22    40:*
  88     6    31:*          inset = represents 1 library sequences
  90    12    24:*
  92    12    19:*         :============      *
  94     2    14:*         :==           *
  96     6    11:*         :======    *
  98     4     9:*         :====    *
 100     3     7:*         :===   *
 102     0     5:*         :    *
 104     0     4:*         :   *
 106     0     3:*         :  *
 108     1     2:*         :=*
 110     0     2:*         : *
 112     1     1:*         :*
 114     1     1:*         :*
 116     0     1:*         :*
 118     0     1:*         :*
>120     1     1:*         :*
   696332 residues in 28274 sequences
Statistics: MLE_cen statistics: Lambda= 0.3390;  K=0.1216 (cen=999)
 statistics sampled from 28273 (28274) to 28273 sequences
 Kolmogorov-Smirnov  statistic: 0.0344 (N=29) at  54
Algorithm: Smith-Waterman (SSE2, Michael Farrar 2006) (7.1 Aug 2009)
Parameters: BL62 matrix (11:-4), open/ext: -7/-1
 Scan time:  0.070

The best scores are:                                      s-w bits E(28274)
DRAMP01393                                         (  23)   41 23.1     1.3
DRAMP25441                                         (  20)   37 21.1     4.4
DRAMP15250                                         (  93)   41 23.1     5.3
DRAMP23125                                         (  20)   35 20.2     8.7

>>DRAMP01393                                              (23 aa)
 s-w opt:  41  Z-score: 123.3  bits: 23.1 E(28274):  1.3
Smith-Waterman score: 41; 57.1% identity (78.6% similar) in 14 aa overlap (1-14:3-16)

                 10           
2        FHKSSVWSRSHTKDYLKK   
         : :::::.:..  :       
DRAMP0 GLFGKSSVWGRKYYVDLAGCAKA
               10        20   

>>DRAMP25441                                              (20 aa)
 s-w opt:  37  Z-score: 113.8  bits: 21.1 E(28274):  4.4
Smith-Waterman score: 37; 63.6% identity (81.8% similar) in 11 aa overlap (5-15:8-18)

                  10        
2         FHKSSVWSRSHTKDYLKK
              .. :::::: :   
DRAMP2 QPPPLAQAITSRSHTKVYRV 
               10        20 

>>DRAMP15250                                              (93 aa)
 s-w opt:  41  Z-score: 112.4  bits: 23.1 E(28274):  5.3
Smith-Waterman score: 41; 64.7% identity (76.5% similar) in 17 aa overlap (1-17:23-37)

                                     10                            
2                            FHKSSVWSRSHTKDYLKK                    
                             :.::::  :. :: :::                     
DRAMP1 MANNASAEKRILINERNRLQNRFYKSSV--RTLTKLYLKDLEVYKISRNPSDKEKAKNRL
               10        20          30        40        50        

DRAMP1 SLVYSLIDKGSKRNVFHKNTAARKKSKLASQLKIA
       60        70        80        90   

>>DRAMP23125                                              (20 aa)
 s-w opt:  35  Z-score: 108.6  bits: 20.2 E(28274):  8.7
Smith-Waterman score: 35; 62.5% identity (87.5% similar) in 8 aa overlap (4-11:2-9)

               10            
2      FHKSSVWSRSHTKDYLKK    
          ::.:.: :           
DRAMP2   HSSIWNRCHIFMHTLDHYPT
                 10        20

  3>>>3 - 11 aa
Library: ./database/DRAMP.fa
   696332 residues in 28274 sequences

       opt      E()
< 20     6     0:=
  22     3     0:=          one = represents 38 library sequences
  24     9     0:=
  26    15     1:*
  28    33     6:*
  30   111    39:=*=
  32   312   151:===*=====
  34   690   408:==========*========
  36  1045   839:======================*=====
  38  1557  1386:====================================*====
  40  2048  1934:==================================================*===
  42  2005  2364:=====================================================      *
  44  1822  2608:================================================           *
  46  2063  2656:=======================================================    *
  48  2194  2543:========================================================== *
  50  2268  2320:===========================================================*
  52  2262  2040:=====================================================*======
  54  1370  1742:=====================================        *
  56  1636  1455:======================================*=====
  58  1542  1195:===============================*=========
  60  1086   968:=========================*===
  62   792   776:====================*
  64   716   617:================*==
  66   537   488:============*==
  68   395   384:==========*
  70   212   301:====== *
  72   308   235:======*==
  74   212   183:====*=
  76   128   143:===*
  78   149   111:==*=
  80    59    86:==*
  82    66    66:=*
  84   287    52:=*======
  86   131    40:=*==
  88    63    31:*=         inset = represents 1 library sequences
  90    39    24:*=
  92    39    19:*=        :==================*====================
  94    20    14:*         :=============*======
  96    18    11:*         :==========*=======
  98    10     9:*         :========*=
 100    11     7:*         :======*====
 102     1     5:*         :=   *
 104     3     4:*         :===*
 106     0     3:*         :  *
 108     0     2:*         : *
 110     0     2:*         : *
 112     0     1:*         :*
 114     1     1:*         :*
 116     0     1:*         :*
 118     0     1:*         :*
>120     0     1:*         :*
   696332 residues in 28274 sequences
Statistics: MLE_cen statistics: Lambda= 0.3451;  K=0.1189 (cen=999)
 statistics sampled from 28274 (28274) to 28274 sequences
 Kolmogorov-Smirnov  statistic: 0.0435 (N=29) at  54
Algorithm: Smith-Waterman (SSE2, Michael Farrar 2006) (7.1 Aug 2009)
Parameters: BL62 matrix (11:-4), open/ext: -7/-1
 Scan time:  0.060

The best scores are:                                      s-w bits E(28274)
DRAMP25157                                         (  20)   35 20.5     4.2
DRAMP07345                                         (   9)   29 17.5      15
DRAMP05093                                         (  13)   30 18.0      15
DRAMP19196                                         (  13)   30 18.0      15

>>DRAMP25157                                              (20 aa)
 s-w opt:  35  Z-score: 114.2  bits: 20.5 E(28274):  4.2
Smith-Waterman score: 35; 45.5% identity (81.8% similar) in 11 aa overlap (1-11:4-14)

                  10       
3         PLFKTRPLWPI      
          :::.: :.. .      
DRAMP2 CPLPLFRTLPMYSVPRISLT
               10        20

>>DRAMP07345                                              (9 aa)
 s-w opt:  29  Z-score: 104.3  bits: 17.5 E(28274):   15
Smith-Waterman score: 29; 57.1% identity (71.4% similar) in 7 aa overlap (4-10:2-8)

               10 
3      PLFKTRPLWPI
          : .: :: 
DRAMP0   QKRKPRWPW
                  

>>DRAMP05093                                              (13 aa)
 s-w opt:  30  Z-score: 104.1  bits: 18.0 E(28274):   15
Smith-Waterman score: 30; 62.5% identity (62.5% similar) in 8 aa overlap (3-10:2-9)

               10    
3      PLFKTRPLWPI   
         ::  : ::    
DRAMP0  FFKKWPWWPWRRK
                10   

>>DRAMP19196                                              (13 aa)
 s-w opt:  30  Z-score: 104.1  bits: 18.0 E(28274):   15
Smith-Waterman score: 30; 62.5% identity (62.5% similar) in 8 aa overlap (3-10:2-9)

               10    
3      PLFKTRPLWPI   
         ::  : ::    
DRAMP1  FFKKWPWWPWRRK
                10   



42 residues in 3 query   sequences
696332 residues in 28274 library sequences
 Scomplib [36.05]
 start: Mon Feb 27 12:27:57 2023 done: Mon Feb 27 12:27:58 2023
 Total Scan time:  0.200 Total Display time:  0.000

Function used was SSEARCH [version 36.05 March, 2010]
