BLASTP 2.2.25+


Reference: Stephen F. Altschul, Thomas L. Madden, Alejandro A.
Schaffer, Jinghui Zhang, Zheng Zhang, Webb Miller, and David J.
Lipman (1997), "Gapped BLAST and PSI-BLAST: a new generation of
protein database search programs", Nucleic Acids Res. 25:3389-3402.



Reference for composition-based statistics: Alejandro A. Schaffer,
L. Aravind, Thomas L. Madden, Sergei Shavirin, John L. Spouge, Yuri
I. Wolf, Eugene V. Koonin, and Stephen F. Altschul (2001),
"Improving the accuracy of PSI-BLAST protein database searches with
composition-based statistics and other refinements", Nucleic Acids
Res. 29:2994-3005.



Database: DRAMP.fa
           28,274 sequences; 696,356 total letters



Query= 
Length=10
                                                                      Score     E
Sequences producing significant alignments:                          (Bits)  Value

  DRAMP02819                                                          20.4    5.5  


> DRAMP02819
Length=10

 Score = 20.4 bits (41),  Expect = 5.5, Method: Compositional matrix adjust.
 Identities = 10/10 (100%), Positives = 10/10 (100%), Gaps = 0/10 (0%)

Query  1  GLLKRIKTLL  10
          GLLKRIKTLL
Sbjct  1  GLLKRIKTLL  10



Lambda     K      H
   0.332    0.155    0.401 

Gapped
Lambda     K      H
   0.267   0.0410    0.140 

Effective search space used: 6963560


  Database: DRAMP.fa
    Posted date:  Jun 2, 2022  5:36 PM
  Number of letters in database: 696,356
  Number of sequences in database:  28,274



Matrix: BLOSUM62
Gap Penalties: Existence: 11, Extension: 1
Neighboring words threshold: 11
Window for multiple hits: 40
