# ../../cgi-bin/seq-search/bin/ssearch35 -Q -s BL62 -b 10 -d 10 -E 20.0 -T 8 ../../tmp/simi_search_tmp/hQvmeenZJCCRwwTkfX/hQvmeenZJCCRwwTkfX.in ./database/DRAMP.fa
SSEARCH searches a sequence data bank
 version 36.05 March, 2010
Please cite:
 T. F. Smith and M. S. Waterman, (1981) J. Mol. Biol. 147:195-197; 
 W.R. Pearson (1991) Genomics 11:635-650

Query: ../../tmp/simi_search_tmp/hQvmeenZJCCRwwTkfX/hQvmeenZJCCRwwTkfX.in
  1>>>Arthrobacter sp.8A12S2 16S ribosomal RNA gene, partia - 15 aa
Library: ./database/DRAMP.fa
   696332 residues in 28274 sequences

       opt      E()
< 20     2     0:=
  22     2     0:=          one = represents 42 library sequences
  24     6     0:=
  26    13     1:*
  28    68     6:*=
  30   177    39:*====
  32   269   151:===*===
  34   548   408:=========*====
  36   937   839:===================*===
  38  1592  1386:================================*=====
  40  1900  1934:==============================================*
  42  2052  2364:=================================================       *
  44  2482  2608:===========================================================*
  46  2368  2656:=========================================================  *
  48  2066  2543:==================================================         *
  50  2068  2320:==================================================     *
  52  1822  2040:============================================    *
  54  1581  1742:======================================   *
  56  1322  1455:================================  *
  58  1112  1195:=========================== *
  60  1011   968:=======================*=
  62   888   776:==================*===
  64   745   617:==============*===
  66   928   488:===========*===========
  68   597   384:=========*=====
  70   422   301:=======*===
  72   399   235:=====*====
  74   254   183:====*==
  76   136   143:===*
  78   126   111:==*
  80   117    86:==*
  82   113    66:=*=
  84    53    52:=*
  86    42    40:*
  88    23    31:*          inset = represents 1 library sequences
  90    11    24:*
  92     4    19:*         :====              *
  94     7    14:*         :=======      *
  96     5    11:*         :=====     *
  98     4     9:*         :====    *
 100     0     7:*         :      *
 102     2     5:*         :==  *
 104     0     4:*         :   *
 106     0     3:*         :  *
 108     0     2:*         : *
 110     0     2:*         : *
 112     0     1:*         :*
 114     0     1:*         :*
 116     0     1:*         :*
 118     0     1:*         :*
>120     0     1:*         :*
   696332 residues in 28274 sequences
Statistics: MLE_cen statistics: Lambda= 0.2897;  K= 0.101 (cen=999)
 statistics sampled from 28274 (28274) to 28274 sequences
 Kolmogorov-Smirnov  statistic: 0.0461 (N=29) at  58
Algorithm: Smith-Waterman (SSE2, Michael Farrar 2006) (7.1 Aug 2009)
Parameters: BL62 matrix (11:-4), open/ext: -7/-1
 Scan time:  0.100
!! No sequences with E() < 20


15 residues in 1 query   sequences
696332 residues in 28274 library sequences
 Scomplib [36.05]
 start: Thu Oct 27 20:55:33 2022 done: Thu Oct 27 20:55:34 2022
 Total Scan time:  0.100 Total Display time:  0.000

Function used was SSEARCH [version 36.05 March, 2010]
