BLASTP 2.2.25+


Reference: Stephen F. Altschul, Thomas L. Madden, Alejandro A.
Schaffer, Jinghui Zhang, Zheng Zhang, Webb Miller, and David J.
Lipman (1997), "Gapped BLAST and PSI-BLAST: a new generation of
protein database search programs", Nucleic Acids Res. 25:3389-3402.



Reference for composition-based statistics: Alejandro A. Schaffer,
L. Aravind, Thomas L. Madden, Sergei Shavirin, John L. Spouge, Yuri
I. Wolf, Eugene V. Koonin, and Stephen F. Altschul (2001),
"Improving the accuracy of PSI-BLAST protein database searches with
composition-based statistics and other refinements", Nucleic Acids
Res. 29:2994-3005.



Database: DRAMP.fa
           28,274 sequences; 696,356 total letters



Query= 
Length=178
                                                                      Score     E
Sequences producing significant alignments:                          (Bits)  Value

  DRAMP25371                                                          23.1    2.3  
  DRAMP17840                                                          22.7    2.9  


> DRAMP25371
Length=20

 Score = 23.1 bits (48),  Expect = 2.3, Method: Composition-based stats.
 Identities = 7/15 (47%), Positives = 10/15 (67%), Gaps = 0/15 (0%)

Query  66  FKPTYRKPGLYKDYN  80
            +PTY  P +Y+ YN
Sbjct  1   LRPTYTSPAIYRPYN  15


> DRAMP17840
Length=98

 Score = 22.7 bits (47),  Expect = 2.9, Method: Compositional matrix adjust.
 Identities = 13/35 (38%), Positives = 16/35 (46%), Gaps = 0/35 (0%)

Query  137  VKSLTESIRSDIKHNVEHFTEMPVRKLEINVRDQK  171
            VKS T    S +  N  HF     + +E N RD K
Sbjct  47   VKSKTGEAFSKMGRNANHFGGEMKKNVERNQRDSK  81



Lambda     K      H
   0.325    0.143    0.414 

Gapped
Lambda     K      H
   0.267   0.0410    0.140 

Effective search space used: 20678408


  Database: DRAMP.fa
    Posted date:  Jun 2, 2022  5:36 PM
  Number of letters in database: 696,356
  Number of sequences in database:  28,274



Matrix: BLOSUM62
Gap Penalties: Existence: 11, Extension: 1
Neighboring words threshold: 11
Window for multiple hits: 40
