BLASTP 2.2.25+


Reference: Stephen F. Altschul, Thomas L. Madden, Alejandro A.
Schaffer, Jinghui Zhang, Zheng Zhang, Webb Miller, and David J.
Lipman (1997), "Gapped BLAST and PSI-BLAST: a new generation of
protein database search programs", Nucleic Acids Res. 25:3389-3402.



Reference for composition-based statistics: Alejandro A. Schaffer,
L. Aravind, Thomas L. Madden, Sergei Shavirin, John L. Spouge, Yuri
I. Wolf, Eugene V. Koonin, and Stephen F. Altschul (2001),
"Improving the accuracy of PSI-BLAST protein database searches with
composition-based statistics and other refinements", Nucleic Acids
Res. 29:2994-3005.



Database: DRAMP.fa
           28,274 sequences; 696,356 total letters



Query= 1

Length=33
                                                                      Score     E
Sequences producing significant alignments:                          (Bits)  Value

  DRAMP19270                                                          21.9    4.9  
  DRAMP19286                                                          21.6    5.5  


> DRAMP19270
Length=100

 Score = 21.9 bits (45),  Expect = 4.9, Method: Composition-based stats.
 Identities = 8/16 (50%), Positives = 10/16 (63%), Gaps = 0/16 (0%)

Query  6   KRIFEHMRPNLTDSQV  21
           +  F H+RPNL   QV
Sbjct  70  REAFRHVRPNLPACQV  85


> DRAMP19286
Length=101

 Score = 21.6 bits (44),  Expect = 5.5, Method: Composition-based stats.
 Identities = 8/16 (50%), Positives = 10/16 (63%), Gaps = 0/16 (0%)

Query  6   KRIFEHMRPNLTDSQV  21
           +  F H+RPNL   QV
Sbjct  70  REAFRHVRPNLPACQV  85



Lambda     K      H
   0.319    0.128    0.352 

Gapped
Lambda     K      H
   0.267   0.0410    0.140 

Effective search space used: 18346020


  Database: DRAMP.fa
    Posted date:  Jun 2, 2022  5:36 PM
  Number of letters in database: 696,356
  Number of sequences in database:  28,274



Matrix: BLOSUM62
Gap Penalties: Existence: 11, Extension: 1
Neighboring words threshold: 11
Window for multiple hits: 40
