BLASTP 2.2.25+


Reference: Stephen F. Altschul, Thomas L. Madden, Alejandro A.
Schaffer, Jinghui Zhang, Zheng Zhang, Webb Miller, and David J.
Lipman (1997), "Gapped BLAST and PSI-BLAST: a new generation of
protein database search programs", Nucleic Acids Res. 25:3389-3402.



Reference for composition-based statistics: Alejandro A. Schaffer,
L. Aravind, Thomas L. Madden, Sergei Shavirin, John L. Spouge, Yuri
I. Wolf, Eugene V. Koonin, and Stephen F. Altschul (2001),
"Improving the accuracy of PSI-BLAST protein database searches with
composition-based statistics and other refinements", Nucleic Acids
Res. 29:2994-3005.



Database: DRAMP.fa
           28,274 sequences; 696,356 total letters



Query= plano_171.1

Length=20


***** No hits found *****



Lambda     K      H
   0.337    0.139    0.466 

Gapped
Lambda     K      H
   0.267   0.0410    0.140 

Effective search space used: 13927120


Query= plano_173.1

Length=21
                                                                      Score     E
Sequences producing significant alignments:                          (Bits)  Value

  DRAMP00024                                                          20.8    8.5  


> DRAMP00024
Length=21

 Score = 20.8 bits (42),  Expect = 8.5, Method: Compositional matrix adjust.
 Identities = 8/21 (39%), Positives = 11/21 (53%), Gaps = 0/21 (0%)

Query  1   TTPLCIAASIGATIIFSMRNC  21
           TTP C    +G   +FS + C
Sbjct  1   TTPACFTIGLGVGALFSAKFC  21



Lambda     K      H
   0.332    0.135    0.429 

Gapped
Lambda     K      H
   0.267   0.0410    0.140 

Effective search space used: 14623476


  Database: DRAMP.fa
    Posted date:  Jun 2, 2022  5:36 PM
  Number of letters in database: 696,356
  Number of sequences in database:  28,274



Matrix: BLOSUM62
Gap Penalties: Existence: 11, Extension: 1
Neighboring words threshold: 11
Window for multiple hits: 40
