BLASTP 2.2.25+


Reference: Stephen F. Altschul, Thomas L. Madden, Alejandro A.
Schaffer, Jinghui Zhang, Zheng Zhang, Webb Miller, and David J.
Lipman (1997), "Gapped BLAST and PSI-BLAST: a new generation of
protein database search programs", Nucleic Acids Res. 25:3389-3402.



Reference for composition-based statistics: Alejandro A. Schaffer,
L. Aravind, Thomas L. Madden, Sergei Shavirin, John L. Spouge, Yuri
I. Wolf, Eugene V. Koonin, and Stephen F. Altschul (2001),
"Improving the accuracy of PSI-BLAST protein database searches with
composition-based statistics and other refinements", Nucleic Acids
Res. 29:2994-3005.



Database: DRAMP.fa
           28,274 sequences; 696,356 total letters



Query= 06

Length=28
                                                                      Score     E
Sequences producing significant alignments:                          (Bits)  Value

  DRAMP00468                                                          21.6    6.6  


> DRAMP00468
Length=48

 Score = 21.6 bits (44),  Expect = 6.6, Method: Compositional matrix adjust.
 Identities = 7/25 (28%), Positives = 12/25 (48%), Gaps = 0/25 (0%)

Query  4   TRVRTTCVWTHVRSICVCVLACVNV  28
                 C   H+R +C C L C+++
Sbjct  18  DESHGNCKQHHLRVVCTCTLDCLDI  42



Lambda     K      H
   0.342    0.138    0.567 

Gapped
Lambda     K      H
   0.267   0.0410    0.140 

Effective search space used: 18038214


  Database: DRAMP.fa
    Posted date:  Jun 2, 2022  5:36 PM
  Number of letters in database: 696,356
  Number of sequences in database:  28,274



Matrix: BLOSUM62
Gap Penalties: Existence: 11, Extension: 1
Neighboring words threshold: 11
Window for multiple hits: 40
