BLASTP 2.2.25+


Reference: Stephen F. Altschul, Thomas L. Madden, Alejandro A.
Schaffer, Jinghui Zhang, Zheng Zhang, Webb Miller, and David J.
Lipman (1997), "Gapped BLAST and PSI-BLAST: a new generation of
protein database search programs", Nucleic Acids Res. 25:3389-3402.



Reference for composition-based statistics: Alejandro A. Schaffer,
L. Aravind, Thomas L. Madden, Sergei Shavirin, John L. Spouge, Yuri
I. Wolf, Eugene V. Koonin, and Stephen F. Altschul (2001),
"Improving the accuracy of PSI-BLAST protein database searches with
composition-based statistics and other refinements", Nucleic Acids
Res. 29:2994-3005.



Database: DRAMP.fa
           28,274 sequences; 696,356 total letters



Query= 1

Length=9
                                                                      Score     E
Sequences producing significant alignments:                          (Bits)  Value

  DRAMP01064                                                          22.3    1.3  


> DRAMP01064
Length=9

 Score = 22.3 bits (46),  Expect = 1.3, Method: Compositional matrix adjust.
 Identities = 9/9 (100%), Positives = 9/9 (100%), Gaps = 0/9 (0%)

Query  1  AWKLFDDGV  9
          AWKLFDDGV
Sbjct  1  AWKLFDDGV  9



Lambda     K      H
   0.326    0.148    0.560 

Gapped
Lambda     K      H
   0.267   0.0410    0.140 

Effective search space used: 6267204


  Database: DRAMP.fa
    Posted date:  Jun 2, 2022  5:36 PM
  Number of letters in database: 696,356
  Number of sequences in database:  28,274



Matrix: BLOSUM62
Gap Penalties: Existence: 11, Extension: 1
Neighboring words threshold: 11
Window for multiple hits: 40
