BLASTP 2.2.25+


Reference: Stephen F. Altschul, Thomas L. Madden, Alejandro A.
Schaffer, Jinghui Zhang, Zheng Zhang, Webb Miller, and David J.
Lipman (1997), "Gapped BLAST and PSI-BLAST: a new generation of
protein database search programs", Nucleic Acids Res. 25:3389-3402.



Reference for composition-based statistics: Alejandro A. Schaffer,
L. Aravind, Thomas L. Madden, Sergei Shavirin, John L. Spouge, Yuri
I. Wolf, Eugene V. Koonin, and Stephen F. Altschul (2001),
"Improving the accuracy of PSI-BLAST protein database searches with
composition-based statistics and other refinements", Nucleic Acids
Res. 29:2994-3005.



Database: DRAMP.fa
           28,274 sequences; 696,356 total letters



Query= Pp3c2_24270

Length=406
                                                                      Score     E
Sequences producing significant alignments:                          (Bits)  Value

  DRAMP18660                                                          36.2    2e-04
  DRAMP18659                                                          36.2    2e-04
  DRAMP14940                                                          24.6    0.72 
  DRAMP26660                                                          24.3    0.96 
  DRAMP15059                                                          20.8    9.0  


> DRAMP18660
Length=32

 Score = 36.2 bits (82),  Expect = 2e-04, Method: Compositional matrix adjust.
 Identities = 20/35 (58%), Positives = 25/35 (72%), Gaps = 4/35 (11%)

Query  71   IKVAINGFGRIGRNFVR-CWHGRKDSPLDVVVIND  104
            +KV INGFGRIGR   R  +HG+K   ++VV IND
Sbjct  1    VKVGINGFGRIGRLVTRAAFHGKK---VEVVAIND  32


> DRAMP18659
Length=32

 Score = 36.2 bits (82),  Expect = 2e-04, Method: Compositional matrix adjust.
 Identities = 20/35 (58%), Positives = 25/35 (72%), Gaps = 4/35 (11%)

Query  71   IKVAINGFGRIGRNFVR-CWHGRKDSPLDVVVIND  104
            +KV INGFGRIGR   R  +HG+K   ++VV IND
Sbjct  1    VKVGINGFGRIGRLVTRAAFHGKK---VEVVAIND  32


> DRAMP14940
Length=89

 Score = 24.6 bits (52),  Expect = 0.72, Method: Composition-based stats.
 Identities = 10/38 (27%), Positives = 18/38 (48%), Gaps = 0/38 (0%)

Query  304  VPTPNVSVVDLVVQVEKKTFAEEVNQAFRDACATEELK  341
            +  PN  +   ++Q EK+ F  +  +A R      E+K
Sbjct  10   IALPNSEISQAIIQTEKELFQLQFKKATRQPFKPHEIK  47


> DRAMP26660
Length=20

 Score = 24.3 bits (51),  Expect = 0.96, Method: Composition-based stats.
 Identities = 10/17 (59%), Positives = 12/17 (71%), Gaps = 0/17 (0%)

Query  209  DYKHSDSIISNASCTTN  225
            DYKHS S IS  +CT +
Sbjct  4    DYKHSSSSISRMTCTLD  20


> DRAMP15059
Length=80

 Score = 20.8 bits (42),  Expect = 9.0, Method: Composition-based stats.
 Identities = 14/37 (38%), Positives = 19/37 (52%), Gaps = 4/37 (10%)

Query  251  YTGDQRLLDASHRDLRRARAAALNIVPTSTGAAKAVA  287
            YTG Q++LD+  R  R  +      V    GA KAV+
Sbjct  45   YTGKQKILDSGGRVARFEKRYGKRKV----GADKAVS  77



Lambda     K      H
   0.316    0.131    0.377 

Gapped
Lambda     K      H
   0.267   0.0410    0.140 

Effective search space used: 17638682


  Database: DRAMP.fa
    Posted date:  Jun 2, 2022  5:36 PM
  Number of letters in database: 696,356
  Number of sequences in database:  28,274



Matrix: BLOSUM62
Gap Penalties: Existence: 11, Extension: 1
Neighboring words threshold: 11
Window for multiple hits: 40
