BLASTP 2.2.25+


Reference: Stephen F. Altschul, Thomas L. Madden, Alejandro A.
Schaffer, Jinghui Zhang, Zheng Zhang, Webb Miller, and David J.
Lipman (1997), "Gapped BLAST and PSI-BLAST: a new generation of
protein database search programs", Nucleic Acids Res. 25:3389-3402.



Reference for composition-based statistics: Alejandro A. Schaffer,
L. Aravind, Thomas L. Madden, Sergei Shavirin, John L. Spouge, Yuri
I. Wolf, Eugene V. Koonin, and Stephen F. Altschul (2001),
"Improving the accuracy of PSI-BLAST protein database searches with
composition-based statistics and other refinements", Nucleic Acids
Res. 29:2994-3005.



Database: DRAMP.fa
           28,274 sequences; 696,356 total letters



Query= 
Length=34
                                                                      Score     E
Sequences producing significant alignments:                          (Bits)  Value

  DRAMP18660                                                          32.3    0.003
  DRAMP18659                                                          32.3    0.003


> DRAMP18660
Length=32

 Score = 32.3 bits (72),  Expect = 0.003, Method: Compositional matrix adjust.
 Identities = 19/35 (55%), Positives = 24/35 (69%), Gaps = 4/35 (11%)

Query  1   IKVAINGFGRIGRNFIR-CWQGRKDSPLDVVVIND  34
           +KV INGFGRIGR   R  + G+K   ++VV IND
Sbjct  1   VKVGINGFGRIGRLVTRAAFHGKK---VEVVAIND  32


> DRAMP18659
Length=32

 Score = 32.3 bits (72),  Expect = 0.003, Method: Compositional matrix adjust.
 Identities = 19/35 (55%), Positives = 24/35 (69%), Gaps = 4/35 (11%)

Query  1   IKVAINGFGRIGRNFIR-CWQGRKDSPLDVVVIND  34
           +KV INGFGRIGR   R  + G+K   ++VV IND
Sbjct  1   VKVGINGFGRIGRLVTRAAFHGKK---VEVVAIND  32



Lambda     K      H
   0.329    0.150    0.489 

Gapped
Lambda     K      H
   0.267   0.0410    0.140 

Effective search space used: 17497800


  Database: DRAMP.fa
    Posted date:  Jun 2, 2022  5:36 PM
  Number of letters in database: 696,356
  Number of sequences in database:  28,274



Matrix: BLOSUM62
Gap Penalties: Existence: 11, Extension: 1
Neighboring words threshold: 11
Window for multiple hits: 40
