BLASTP 2.2.25+


Reference: Stephen F. Altschul, Thomas L. Madden, Alejandro A.
Schaffer, Jinghui Zhang, Zheng Zhang, Webb Miller, and David J.
Lipman (1997), "Gapped BLAST and PSI-BLAST: a new generation of
protein database search programs", Nucleic Acids Res. 25:3389-3402.



Reference for composition-based statistics: Alejandro A. Schaffer,
L. Aravind, Thomas L. Madden, Sergei Shavirin, John L. Spouge, Yuri
I. Wolf, Eugene V. Koonin, and Stephen F. Altschul (2001),
"Improving the accuracy of PSI-BLAST protein database searches with
composition-based statistics and other refinements", Nucleic Acids
Res. 29:2994-3005.



Database: DRAMP.fa
           28,274 sequences; 696,356 total letters



Query= 
Length=67
                                                                      Score     E
Sequences producing significant alignments:                          (Bits)  Value

  DRAMP27717                                                          20.8    9.2  


> DRAMP27717
Length=20

 Score = 20.8 bits (42),  Expect = 9.2, Method: Composition-based stats.
 Identities = 8/15 (54%), Positives = 11/15 (74%), Gaps = 0/15 (0%)

Query  8   LIECAELATALGYQG  22
           L EC E A+ +GY+G
Sbjct  3   LKECYEQASRIGYRG  17



Lambda     K      H
   0.316    0.129    0.360 

Gapped
Lambda     K      H
   0.267   0.0410    0.140 

Effective search space used: 17754876


  Database: DRAMP.fa
    Posted date:  Jun 2, 2022  5:36 PM
  Number of letters in database: 696,356
  Number of sequences in database:  28,274



Matrix: BLOSUM62
Gap Penalties: Existence: 11, Extension: 1
Neighboring words threshold: 11
Window for multiple hits: 40
