# ../../cgi-bin/seq-search/bin/ssearch35 -Q -s BL62 -b 30 -d 30 -E 0.005 -T 8 ../../tmp/simi_search_tmp/GXiXrX4N8VvzUkcBlm/GXiXrX4N8VvzUkcBlm.in ./database/DRAMP.fa
SSEARCH searches a sequence data bank
 version 36.05 March, 2010
Please cite:
 T. F. Smith and M. S. Waterman, (1981) J. Mol. Biol. 147:195-197; 
 W.R. Pearson (1991) Genomics 11:635-650

Query: ../../tmp/simi_search_tmp/GXiXrX4N8VvzUkcBlm/GXiXrX4N8VvzUkcBlm.in
  1>>>AMP7 - 21 aa
Library: ./database/DRAMP.fa
   696332 residues in 28274 sequences

       opt      E()
< 20  4701     0:============================================================
  22     1     0:=          one = represents 79 library sequences
  24     4     0:=
  26    20     1:*
  28    38     6:*
  30    93    39:*=
  32   211   151:=*=
  34   387   408:=====*
  36   490   839:=======   *
  38   850  1386:===========      *
  40  1336  1933:=================       *
  42  2026  2363:==========================   *
  44  2327  2607:==============================  *
  46  2557  2655:=================================*
  48  2587  2542:================================*
  50  2004  2319:==========================   *
  52  1456  2039:===================      *
  54  1122  1742:===============       *
  56  1002  1455:=============     *
  58   894  1194:============   *
  60   777   968:==========  *
  62   736   776:=========*
  64   601   617:=======*
  66   422   488:======*
  68   390   384:====*
  70   275   301:===*
  72   276   235:==*=
  74   163   183:==*
  76   124   143:=*
  78   108   111:=*
  80   114    86:=*
  82    59    66:*
  84    36    52:*
  86    25    40:*
  88    16    31:*          inset = represents 1 library sequences
  90    14    24:*
  92    10    19:*         :==========        *
  94     6    14:*         :======       *
  96     3    11:*         :===       *
  98     2     9:*         :==      *
 100     1     7:*         :=     *
 102     0     5:*         :    *
 104     0     4:*         :   *
 106     0     3:*         :  *
 108     0     2:*         : *
 110     0     2:*         : *
 112     0     1:*         :*
 114     0     1:*         :*
 116     0     1:*         :*
 118     0     1:*         :*
>120    10     1:*         :*=========
   696332 residues in 28274 sequences
Statistics:  Expectation_n fit: rho(ln(x))= 5.2785+/-0.000369; mu= -2.2474+/- 0.012
 mean_var=20.6129+/- 6.315, 0's: 4698 Z-trim: 4708  B-trim: 0 in 0/24
 Lambda= 0.282491
 statistics sampled from 28264 (28274) to 28264 sequences
 Kolmogorov-Smirnov  statistic: 0.1964 (N=29) at  88
Algorithm: Smith-Waterman (SSE2, Michael Farrar 2006) (7.1 Aug 2009)
Parameters: BL62 matrix (11:-4), open/ext: -7/-1
 Scan time:  0.050

The best scores are:                                      s-w bits E(28274)
DRAMP03057                                         (  21)  114 50.4 8.1e-09
DRAMP21453                                         (  36)  114 50.1 1.8e-08
DRAMP03939                                         (  20)  109 48.4 3.1e-08
DRAMP03938                                         (  19)  104 46.4 1.2e-07
DRAMP03936                                         (  18)   99 44.4 4.5e-07
DRAMP03937                                         (  18)   99 44.4 4.5e-07
DRAMP03935                                         (  16)   87 39.6 1.1e-05
DRAMP03933                                         (  14)   76 35.2  0.0002
DRAMP03934                                         (  12)   68 32.1  0.0016

>>DRAMP03057                                              (21 aa)
 s-w opt: 114  Z-score: 270.6  bits: 50.4 E(28274): 8.1e-09
Smith-Waterman score: 114; 95.2% identity (100.0% similar) in 21 aa overlap (1-21:1-21)

               10        20 
AMP7   GSKKPVPIIYCNRRSGKCQRM
       ::::::::::::::.::::::
DRAMP0 GSKKPVPIIYCNRRTGKCQRM
               10        20 

>>DRAMP21453                                              (36 aa)
 s-w opt: 114  Z-score: 264.4  bits: 50.1 E(28274): 1.8e-08
Smith-Waterman score: 114; 95.2% identity (100.0% similar) in 21 aa overlap (1-21:16-36)

                              10        20 
AMP7                  GSKKPVPIIYCNRRSGKCQRM
                      ::::::::::::::.::::::
DRAMP2 GLPLLISWIKRKRQQGSKKPVPIIYCNRRTGKCQRM
               10        20        30      

>>DRAMP03939                                              (20 aa)
 s-w opt: 109  Z-score: 260.2  bits: 48.4 E(28274): 3.1e-08
Smith-Waterman score: 109; 95.0% identity (100.0% similar) in 20 aa overlap (1-20:1-20)

               10        20 
AMP7   GSKKPVPIIYCNRRSGKCQRM
       ::::::::::::::.::::: 
DRAMP0 GSKKPVPIIYCNRRTGKCQR 
               10        20 

>>DRAMP03938                                              (19 aa)
 s-w opt: 104  Z-score: 249.8  bits: 46.4 E(28274): 1.2e-07
Smith-Waterman score: 104; 94.7% identity (100.0% similar) in 19 aa overlap (1-19:1-19)

               10        20 
AMP7   GSKKPVPIIYCNRRSGKCQRM
       ::::::::::::::.::::  
DRAMP0 GSKKPVPIIYCNRRTGKCQ  
               10           

>>DRAMP03936                                              (18 aa)
 s-w opt:  99  Z-score: 239.4  bits: 44.4 E(28274): 4.5e-07
Smith-Waterman score: 99; 94.4% identity (100.0% similar) in 18 aa overlap (4-21:1-18)

               10        20 
AMP7   GSKKPVPIIYCNRRSGKCQRM
          :::::::::::.::::::
DRAMP0    KPVPIIYCNRRTGKCQRM
                  10        

>>DRAMP03937                                              (18 aa)
 s-w opt:  99  Z-score: 239.4  bits: 44.4 E(28274): 4.5e-07
Smith-Waterman score: 99; 94.4% identity (100.0% similar) in 18 aa overlap (1-18:1-18)

               10        20 
AMP7   GSKKPVPIIYCNRRSGKCQRM
       ::::::::::::::.:::   
DRAMP0 GSKKPVPIIYCNRRTGKC   
               10           

>>DRAMP03935                                              (16 aa)
 s-w opt:  87  Z-score: 214.3  bits: 39.6 E(28274): 1.1e-05
Smith-Waterman score: 87; 93.8% identity (100.0% similar) in 16 aa overlap (6-21:1-16)

               10        20 
AMP7   GSKKPVPIIYCNRRSGKCQRM
            :::::::::.::::::
DRAMP0      VPIIYCNRRTGKCQRM
                    10      

>>DRAMP03933                                              (14 aa)
 s-w opt:  76  Z-score: 191.7  bits: 35.2 E(28274): 0.0002
Smith-Waterman score: 76; 92.9% identity (100.0% similar) in 14 aa overlap (8-21:1-14)

               10        20 
AMP7   GSKKPVPIIYCNRRSGKCQRM
              :::::::.::::::
DRAMP0        IIYCNRRTGKCQRM
                      10    

>>DRAMP03934                                              (12 aa)
 s-w opt:  68  Z-score: 175.8  bits: 32.1 E(28274): 0.0016
Smith-Waterman score: 68; 91.7% identity (100.0% similar) in 12 aa overlap (10-21:1-12)

               10        20 
AMP7   GSKKPVPIIYCNRRSGKCQRM
                :::::.::::::
DRAMP0          YCNRRTGKCQRM
                        10  



21 residues in 1 query   sequences
696332 residues in 28274 library sequences
 Scomplib [36.05]
 start: Thu Oct 27 21:17:20 2022 done: Thu Oct 27 21:17:20 2022
 Total Scan time:  0.050 Total Display time:  0.000

Function used was SSEARCH [version 36.05 March, 2010]
