BLASTP 2.2.25+


Reference: Stephen F. Altschul, Thomas L. Madden, Alejandro A.
Schaffer, Jinghui Zhang, Zheng Zhang, Webb Miller, and David J.
Lipman (1997), "Gapped BLAST and PSI-BLAST: a new generation of
protein database search programs", Nucleic Acids Res. 25:3389-3402.



Reference for composition-based statistics: Alejandro A. Schaffer,
L. Aravind, Thomas L. Madden, Sergei Shavirin, John L. Spouge, Yuri
I. Wolf, Eugene V. Koonin, and Stephen F. Altschul (2001),
"Improving the accuracy of PSI-BLAST protein database searches with
composition-based statistics and other refinements", Nucleic Acids
Res. 29:2994-3005.



Database: DRAMP.fa
           28,274 sequences; 696,356 total letters



Query= 
Length=406
                                                                      Score     E
Sequences producing significant alignments:                          (Bits)  Value

  DRAMP18660                                                          33.1    0.002
  DRAMP18659                                                          33.1    0.002
  DRAMP14940                                                          24.3    0.97 
  DRAMP26660                                                          23.5    1.5  
  DRAMP15059                                                          21.2    7.9  
  DRAMP14723                                                          21.2    8.0  
  DRAMP14724                                                          20.8    8.7  


> DRAMP18660
Length=32

 Score = 33.1 bits (74),  Expect = 0.002, Method: Compositional matrix adjust.
 Identities = 19/35 (55%), Positives = 24/35 (69%), Gaps = 4/35 (11%)

Query  71   IKVAINGFGRIGRNFIR-CWQGRKDSPLDVVVIND  104
            +KV INGFGRIGR   R  + G+K   ++VV IND
Sbjct  1    VKVGINGFGRIGRLVTRAAFHGKK---VEVVAIND  32


> DRAMP18659
Length=32

 Score = 33.1 bits (74),  Expect = 0.002, Method: Compositional matrix adjust.
 Identities = 19/35 (55%), Positives = 24/35 (69%), Gaps = 4/35 (11%)

Query  71   IKVAINGFGRIGRNFIR-CWQGRKDSPLDVVVIND  104
            +KV INGFGRIGR   R  + G+K   ++VV IND
Sbjct  1    VKVGINGFGRIGRLVTRAAFHGKK---VEVVAIND  32


> DRAMP14940
Length=89

 Score = 24.3 bits (51),  Expect = 0.97, Method: Composition-based stats.
 Identities = 9/38 (24%), Positives = 19/38 (50%), Gaps = 0/38 (0%)

Query  304  VPTPNVSVVDLVVQVEKKTFAEEVNQAFRDACQTEQLK  341
            +  PN  +   ++Q EK+ F  +  +A R   +  ++K
Sbjct  10   IALPNSEISQAIIQTEKELFQLQFKKATRQPFKPHEIK  47


> DRAMP26660
Length=20

 Score = 23.5 bits (49),  Expect = 1.5, Method: Composition-based stats.
 Identities = 9/17 (53%), Positives = 12/17 (71%), Gaps = 0/17 (0%)

Query  209  DYKHSDAIISNASCTTN  225
            DYKHS + IS  +CT +
Sbjct  4    DYKHSSSSISRMTCTLD  20


> DRAMP15059
Length=80

 Score = 21.2 bits (43),  Expect = 7.9, Method: Composition-based stats.
 Identities = 14/37 (38%), Positives = 19/37 (52%), Gaps = 4/37 (10%)

Query  251  YTGDQRLLDASHRDLRRARAAALNIVPTSTGAAKAVA  287
            YTG Q++LD+  R  R  +      V    GA KAV+
Sbjct  45   YTGKQKILDSGGRVARFEKRYGKRKV----GADKAVS  77


> DRAMP14723
Length=65

 Score = 21.2 bits (43),  Expect = 8.0, Method: Composition-based stats.
 Identities = 14/37 (38%), Positives = 20/37 (55%), Gaps = 2/37 (5%)

Query  163  LVIEGTGVFVDEAGAGKHIQAGAKKVL--ITAPGKGA  197
            L++ GT    +  G GK I+ G K +   +TA G GA
Sbjct  16   LIMGGTSAAPEPKGIGKIIRKGGKVIKHGLTAIGVGA  52


> DRAMP14724
Length=65

 Score = 20.8 bits (42),  Expect = 8.7, Method: Composition-based stats.
 Identities = 14/37 (38%), Positives = 20/37 (55%), Gaps = 2/37 (5%)

Query  163  LVIEGTGVFVDEAGAGKHIQAGAKKVL--ITAPGKGA  197
            L++ GT    +  G GK I+ G K +   +TA G GA
Sbjct  16   LIMGGTSAAPEPKGIGKIIRKGGKVIKHGLTAIGVGA  52



Lambda     K      H
   0.316    0.131    0.374 

Gapped
Lambda     K      H
   0.267   0.0410    0.140 

Effective search space used: 17638682


  Database: DRAMP.fa
    Posted date:  Jun 2, 2022  5:36 PM
  Number of letters in database: 696,356
  Number of sequences in database:  28,274



Matrix: BLOSUM62
Gap Penalties: Existence: 11, Extension: 1
Neighboring words threshold: 11
Window for multiple hits: 40
