BLASTP 2.2.25+


Reference: Stephen F. Altschul, Thomas L. Madden, Alejandro A.
Schaffer, Jinghui Zhang, Zheng Zhang, Webb Miller, and David J.
Lipman (1997), "Gapped BLAST and PSI-BLAST: a new generation of
protein database search programs", Nucleic Acids Res. 25:3389-3402.



Reference for composition-based statistics: Alejandro A. Schaffer,
L. Aravind, Thomas L. Madden, Sergei Shavirin, John L. Spouge, Yuri
I. Wolf, Eugene V. Koonin, and Stephen F. Altschul (2001),
"Improving the accuracy of PSI-BLAST protein database searches with
composition-based statistics and other refinements", Nucleic Acids
Res. 29:2994-3005.



Database: DRAMP.fa
           28,274 sequences; 696,356 total letters



Query= 
Length=121
                                                                      Score     E
Sequences producing significant alignments:                          (Bits)  Value

  DRAMP18327                                                          30.4    0.014


> DRAMP18327
Length=76

 Score = 30.4 bits (67),  Expect = 0.014, Method: Compositional matrix adjust.
 Identities = 14/30 (47%), Positives = 19/30 (64%), Gaps = 0/30 (0%)

Query  55  VGGGTWSYGVWAGEVHSVYANDRSTHRASV  84
           V GGTW+YG   G+ +S Y +D + H A V
Sbjct  5   VAGGTWNYGYGVGQAYSHYKHDYNNHGAKV  34



Lambda     K      H
   0.316    0.127    0.406 

Gapped
Lambda     K      H
   0.267   0.0410    0.140 

Effective search space used: 19304672


  Database: DRAMP.fa
    Posted date:  Jun 2, 2022  5:36 PM
  Number of letters in database: 696,356
  Number of sequences in database:  28,274



Matrix: BLOSUM62
Gap Penalties: Existence: 11, Extension: 1
Neighboring words threshold: 11
Window for multiple hits: 40
