BLASTP 2.2.25+


Reference: Stephen F. Altschul, Thomas L. Madden, Alejandro A.
Schaffer, Jinghui Zhang, Zheng Zhang, Webb Miller, and David J.
Lipman (1997), "Gapped BLAST and PSI-BLAST: a new generation of
protein database search programs", Nucleic Acids Res. 25:3389-3402.



Reference for composition-based statistics: Alejandro A. Schaffer,
L. Aravind, Thomas L. Madden, Sergei Shavirin, John L. Spouge, Yuri
I. Wolf, Eugene V. Koonin, and Stephen F. Altschul (2001),
"Improving the accuracy of PSI-BLAST protein database searches with
composition-based statistics and other refinements", Nucleic Acids
Res. 29:2994-3005.



Database: DRAMP.fa
           28,274 sequences; 696,356 total letters



Query= 1

Length=342
                                                                      Score     E
Sequences producing significant alignments:                          (Bits)  Value

  DRAMP18660                                                          48.1    8e-08
  DRAMP18659                                                          48.1    8e-08
  DRAMP19266                                                          23.9    1.5  
  DRAMP04013                                                          22.7    3.3  
  DRAMP02219                                                          22.7    3.9  
  DRAMP20934                                                          21.6    7.3  
  DRAMP01381                                                          21.6    7.8  


> DRAMP18660
Length=32

 Score = 48.1 bits (113),  Expect = 8e-08, Method: Composition-based stats.
 Identities = 22/32 (69%), Positives = 25/32 (79%), Gaps = 0/32 (0%)

Query  7   IKVGINGFGRIGRLVARVALERDDIELVAIND  38
           +KVGINGFGRIGRLV R A     +E+VAIND
Sbjct  1   VKVGINGFGRIGRLVTRAAFHGKKVEVVAIND  32


> DRAMP18659
Length=32

 Score = 48.1 bits (113),  Expect = 8e-08, Method: Composition-based stats.
 Identities = 22/32 (69%), Positives = 25/32 (79%), Gaps = 0/32 (0%)

Query  7   IKVGINGFGRIGRLVARVALERDDIELVAIND  38
           +KVGINGFGRIGRLV R A     +E+VAIND
Sbjct  1   VKVGINGFGRIGRLVTRAAFHGKKVEVVAIND  32


> DRAMP19266
Length=100

 Score = 23.9 bits (50),  Expect = 1.5, Method: Composition-based stats.
 Identities = 11/36 (31%), Positives = 19/36 (53%), Gaps = 0/36 (0%)

Query  40  FITPEYMTYMFKYDSTHGQWKKTEVTLHSEGHLTFG  75
            +TP + T++F+     G  + T + L+S GH   G
Sbjct  11  LLTPSHFTFVFQQPQRAGTPQITILRLNSLGHPRIG  46


> DRAMP04013
Length=23

 Score = 22.7 bits (47),  Expect = 3.3, Method: Composition-based stats.
 Identities = 11/20 (55%), Positives = 13/20 (65%), Gaps = 0/20 (0%)

Query  215  TGAAKAVGKVLPELNGKLTG  234
            TG  K  GK+L +L G LTG
Sbjct  4    TGLLKTAGKLLGDLFGSLTG  23


> DRAMP02219
Length=32

 Score = 22.7 bits (47),  Expect = 3.9, Method: Composition-based stats.
 Identities = 14/30 (47%), Positives = 17/30 (57%), Gaps = 5/30 (16%)

Query  210  IIPSATGAAKAV-----GKVLPELNGKLTG  234
            I+ S  G AK V     GK+L EL  K+TG
Sbjct  2    ILSSFKGVAKGVAKNLAGKLLDELKCKITG  31


> DRAMP20934
Length=63

 Score = 21.6 bits (44),  Expect = 7.3, Method: Composition-based stats.
 Identities = 10/27 (38%), Positives = 14/27 (52%), Gaps = 0/27 (0%)

Query  93   GKHGADFVVESTGVFTDKDKAAAHLKG  119
            G+H  D  +++ GV       AA LKG
Sbjct  37   GQHTRDATIQTIGVAQQAVNVAATLKG  63


> DRAMP01381
Length=39

 Score = 21.6 bits (44),  Expect = 7.8, Method: Composition-based stats.
 Identities = 12/29 (42%), Positives = 18/29 (63%), Gaps = 4/29 (13%)

Query  216  GAAKAVGKVLPELNGKLTGMAF---RVPT  241
            GAAK +GK +P+   +L GM     ++PT
Sbjct  8    GAAKLIGKTVPKKQARL-GMNLWLVKLPT  35



Lambda     K      H
   0.315    0.132    0.385 

Gapped
Lambda     K      H
   0.267   0.0410    0.140 

Effective search space used: 23784960


  Database: DRAMP.fa
    Posted date:  Jun 2, 2022  5:36 PM
  Number of letters in database: 696,356
  Number of sequences in database:  28,274



Matrix: BLOSUM62
Gap Penalties: Existence: 11, Extension: 1
Neighboring words threshold: 11
Window for multiple hits: 40
