BLASTP 2.2.25+


Reference: Stephen F. Altschul, Thomas L. Madden, Alejandro A.
Schaffer, Jinghui Zhang, Zheng Zhang, Webb Miller, and David J.
Lipman (1997), "Gapped BLAST and PSI-BLAST: a new generation of
protein database search programs", Nucleic Acids Res. 25:3389-3402.



Reference for composition-based statistics: Alejandro A. Schaffer,
L. Aravind, Thomas L. Madden, Sergei Shavirin, John L. Spouge, Yuri
I. Wolf, Eugene V. Koonin, and Stephen F. Altschul (2001),
"Improving the accuracy of PSI-BLAST protein database searches with
composition-based statistics and other refinements", Nucleic Acids
Res. 29:2994-3005.



Database: DRAMP.fa
           28,274 sequences; 696,356 total letters



Query= 11

Length=35
                                                                      Score     E
Sequences producing significant alignments:                          (Bits)  Value

  DRAMP12035                                                          21.6    6.0  
  DRAMP00947                                                          20.8    9.0  


> DRAMP12035
Length=67

 Score = 21.6 bits (44),  Expect = 6.0, Method: Compositional matrix adjust.
 Identities = 7/10 (70%), Positives = 9/10 (90%), Gaps = 0/10 (0%)

Query  14  PQSKCPPGYR  23
           PQ+ CPPGY+
Sbjct  43  PQNMCPPGYK  52


> DRAMP00947
Length=46

 Score = 20.8 bits (42),  Expect = 9.0, Method: Compositional matrix adjust.
 Identities = 7/9 (78%), Positives = 8/9 (89%), Gaps = 0/9 (0%)

Query  16  SKCPPGYRH  24
           + CPPGYRH
Sbjct  38  TGCPPGYRH  46



Lambda     K      H
   0.321    0.139    0.466 

Gapped
Lambda     K      H
   0.267   0.0410    0.140 

Effective search space used: 18081060


  Database: DRAMP.fa
    Posted date:  Jun 2, 2022  5:36 PM
  Number of letters in database: 696,356
  Number of sequences in database:  28,274



Matrix: BLOSUM62
Gap Penalties: Existence: 11, Extension: 1
Neighboring words threshold: 11
Window for multiple hits: 40
